# JRE version: Java(TM) SE Runtime Environment (20.0.1+9) (build 20.0.1+9-29)
# Java VM: Java HotSpot(TM) 64-Bit Server VM (20.0.1+9-29, mixed mode, sharing, tiered, compressed oops, compressed class ptrs, g1 gc, windows-amd64)
GC Precious Log:
 CardTable entry size: 512
 Card Set container configuration: InlinePtr #cards 5 size 8 Array Of Cards #cards 12 size 40 Howl #buckets 4 coarsen threshold 1843 Howl Bitmap #cards 512 size 80 coarsen threshold 460 Card regions per heap region 1 cards per card region 2048
 CPUs: 4 total, 4 available
 Memory: 8073M
 Large Page Support: Disabled
 NUMA Support: Disabled
 Compressed Oops: Enabled (32-bit)
 Heap Region Size: 1M
 Heap Min Capacity: 8M
 Heap Initial Capacity: 128M
 Heap Max Capacity: 1G
 Pre-touch: Disabled
 Parallel Workers: 4
 Concurrent Workers: 1
 Concurrent Refinement Workers: 4
 Periodic GC: Disabled
Heap:
 garbage-first heap   total 101376K, used 55776K [0x00000000c0000000, 0x0000000100000000)
  region size 1024K, 6 young (6144K), 5 survivors (5120K)
 Metaspace       used 112646K, committed 113600K, reserved 1179648K
  class space    used 14690K, committed 15168K, reserved 1048576K
GC Heap History (20 events):
Event: 14.007 GC heap before
{Heap before GC invocations=8 (full 0):
 garbage-first heap   total 99328K, used 33792K [0x00000000c0000000, 0x0000000100000000)
  region size 1024K, 3 young (3072K), 1 survivors (1024K)
 Metaspace       used 36490K, committed 36800K, reserved 1114112K
  class space    used 4765K, committed 4928K, reserved 1048576K
}
Event: 14.008 GC heap after
{Heap after GC invocations=9 (full 0):
 garbage-first heap   total 99328K, used 32230K [0x00000000c0000000, 0x0000000100000000)
  region size 1024K, 1 young (1024K), 1 survivors (1024K)
 Metaspace       used 36490K, committed 36800K, reserved 1114112K
  class space    used 4765K, committed 4928K, reserved 1048576K
}
Event: 16.466 GC heap before
{Heap before GC invocations=10 (full 0):
 garbage-first heap   total 99328K, used 79334K [0x00000000c0000000, 0x0000000100000000)
  region size 1024K, 48 young (49152K), 1 survivors (1024K)
 Metaspace       used 47025K, committed 47424K, reserved 1114112K
  class space    used 6029K, committed 6208K, reserved 1048576K
}
Event: 16.473 GC heap after
{Heap after GC invocations=11 (full 0):
 garbage-first heap   total 99328K, used 35501K [0x00000000c0000000, 0x0000000100000000)
  region size 1024K, 4 young (4096K), 4 survivors (4096K)
 Metaspace       used 47025K, committed 47424K, reserved 1114112K
  class space    used 6029K, committed 6208K, reserved 1048576K
}
Event: 19.674 GC heap before
{Heap before GC invocations=11 (full 0):
 garbage-first heap   total 99328K, used 83629K [0x00000000c0000000, 0x0000000100000000)
  region size 1024K, 51 young (52224K), 4 survivors (4096K)
 Metaspace       used 60163K, committed 60608K, reserved 1114112K
  class space    used 7599K, committed 7808K, reserved 1048576K
}
Event: 19.684 GC heap after
{Heap after GC invocations=12 (full 0):
 garbage-first heap   total 99328K, used 38632K [0x00000000c0000000, 0x0000000100000000)
  region size 1024K, 7 young (7168K), 7 survivors (7168K)
 Metaspace       used 60163K, committed 60608K, reserved 1114112K
  class space    used 7599K, committed 7808K, reserved 1048576K
}
Event: 19.947 GC heap before
{Heap before GC invocations=12 (full 0):
 garbage-first heap   total 99328K, used 42728K [0x00000000c0000000, 0x0000000100000000)
  region size 1024K, 12 young (12288K), 7 survivors (7168K)
 Metaspace       used 61518K, committed 61888K, reserved 1114112K
  class space    used 7837K, committed 8000K, reserved 1048576K
}
Event: 19.956 GC heap after
{Heap after GC invocations=13 (full 0):
 garbage-first heap   total 99328K, used 39641K [0x00000000c0000000, 0x0000000100000000)
  region size 1024K, 5 young (5120K), 5 survivors (5120K)
 Metaspace       used 61518K, committed 61888K, reserved 1114112K
  class space    used 7837K, committed 8000K, reserved 1048576K
}
Event: 22.500 GC heap before
{Heap before GC invocations=14 (full 0):
 garbage-first heap   total 99328K, used 84697K [0x00000000c0000000, 0x0000000100000000)
  region size 1024K, 50 young (51200K), 5 survivors (5120K)
 Metaspace       used 73269K, committed 73664K, reserved 1114112K
  class space    used 9437K, committed 9600K, reserved 1048576K
}
Event: 22.510 GC heap after
{Heap after GC invocations=15 (full 0):
 garbage-first heap   total 99328K, used 43224K [0x00000000c0000000, 0x0000000100000000)
  region size 1024K, 5 young (5120K), 5 survivors (5120K)
 Metaspace       used 73269K, committed 73664K, reserved 1114112K
  class space    used 9437K, committed 9600K, reserved 1048576K
}
Event: 86.019 GC heap before
{Heap before GC invocations=15 (full 0):
 garbage-first heap   total 99328K, used 86232K [0x00000000c0000000, 0x0000000100000000)
  region size 1024K, 48 young (49152K), 5 survivors (5120K)
 Metaspace       used 86979K, committed 87424K, reserved 1179648K
  class space    used 11262K, committed 11456K, reserved 1048576K
}
Event: 86.035 GC heap after
{Heap after GC invocations=16 (full 0):
 garbage-first heap   total 99328K, used 47248K [0x00000000c0000000, 0x0000000100000000)
  region size 1024K, 5 young (5120K), 5 survivors (5120K)
 Metaspace       used 86979K, committed 87424K, reserved 1179648K
  class space    used 11262K, committed 11456K, reserved 1048576K
}
Event: 88.210 GC heap before
{Heap before GC invocations=16 (full 0):
 garbage-first heap   total 99328K, used 85136K [0x00000000c0000000, 0x0000000100000000)
  region size 1024K, 43 young (44032K), 5 survivors (5120K)
 Metaspace       used 96221K, committed 96704K, reserved 1179648K
  class space    used 12382K, committed 12608K, reserved 1048576K
}
Event: 88.220 GC heap after
{Heap after GC invocations=17 (full 0):
 garbage-first heap   total 99328K, used 49299K [0x00000000c0000000, 0x0000000100000000)
  region size 1024K, 3 young (3072K), 3 survivors (3072K)
 Metaspace       used 96221K, committed 96704K, reserved 1179648K
  class space    used 12382K, committed 12608K, reserved 1048576K
}
Event: 89.598 GC heap before
{Heap before GC invocations=17 (full 0):
 garbage-first heap   total 99328K, used 64659K [0x00000000c0000000, 0x0000000100000000)
  region size 1024K, 20 young (20480K), 3 survivors (3072K)
 Metaspace       used 102982K, committed 103488K, reserved 1179648K
  class space    used 13195K, committed 13440K, reserved 1048576K
}
Event: 89.605 GC heap after
{Heap after GC invocations=18 (full 0):
 garbage-first heap   total 99328K, used 51002K [0x00000000c0000000, 0x0000000100000000)
  region size 1024K, 4 young (4096K), 4 survivors (4096K)
 Metaspace       used 102982K, committed 103488K, reserved 1179648K
  class space    used 13195K, committed 13440K, reserved 1048576K
}
Event: 91.456 GC heap before
{Heap before GC invocations=19 (full 0):
 garbage-first heap   total 99328K, used 84794K [0x00000000c0000000, 0x0000000100000000)
  region size 1024K, 38 young (38912K), 4 survivors (4096K)
 Metaspace       used 107695K, committed 108352K, reserved 1179648K
  class space    used 13828K, committed 14144K, reserved 1048576K
}
Event: 91.465 GC heap after
{Heap after GC invocations=20 (full 0):
 garbage-first heap   total 99328K, used 53316K [0x00000000c0000000, 0x0000000100000000)
  region size 1024K, 5 young (5120K), 5 survivors (5120K)
 Metaspace       used 107695K, committed 108352K, reserved 1179648K
  class space    used 13828K, committed 14144K, reserved 1048576K
}
Event: 96.066 GC heap before
{Heap before GC invocations=20 (full 0):
 garbage-first heap   total 99328K, used 91204K [0x00000000c0000000, 0x0000000100000000)
  region size 1024K, 38 young (38912K), 5 survivors (5120K)
 Metaspace       used 112534K, committed 113536K, reserved 1179648K
  class space    used 14674K, committed 15168K, reserved 1048576K
}
Event: 96.080 GC heap after
{Heap after GC invocations=21 (full 0):
 garbage-first heap   total 101376K, used 55776K [0x00000000c0000000, 0x0000000100000000)
  region size 1024K, 5 young (5120K), 5 survivors (5120K)
 Metaspace       used 112534K, committed 113536K, reserved 1179648K
  class space    used 14674K, committed 15168K, reserved 1048576K
}

